Build started 2/9/2024 5:39:31 PM.
     1>Project "C:\Users\hp\Documents\Visual Studio 2010\Projects\ber\ber\ber.vcxproj" on node 2 (build target(s)).
     1>PrepareForBuild:
         Creating directory "C:\Users\hp\Documents\Visual Studio 2010\Projects\ber\Debug\".
       InitializeBuildStatus:
         Creating "Debug\ber.unsuccessfulbuild" because "AlwaysCreate" was specified.
       ClCompile:
         c:\Program Files (x86)\Microsoft Visual Studio 10.0\VC\bin\CL.exe /c /ZI /nologo /W3 /WX- /Od /Oy- /D WIN32 /D _DEBUG /D _CONSOLE /D _UNICODE /D UNICODE /Gm /EHsc /RTC1 /MDd /GS /fp:precise /Zc:wchar_t /Zc:forScope /Fo"Debug\\" /Fd"Debug\vc100.pdb" /Gd /TP /analyze- /errorReport:prompt main.cpp ludo.cpp
         ludo.cpp
         main.cpp
         Generating Code...
       ManifestResourceCompile:
         c:\Program Files (x86)\Microsoft SDKs\Windows\v7.0A\bin\rc.exe /nologo /fo"Debug\ber.exe.embed.manifest.res" Debug\ber_manifest.rc 
       Link:
         c:\Program Files (x86)\Microsoft Visual Studio 10.0\VC\bin\link.exe /ERRORREPORT:PROMPT /OUT:"C:\Users\hp\Documents\Visual Studio 2010\Projects\ber\Debug\ber.exe" /INCREMENTAL /NOLOGO kernel32.lib user32.lib gdi32.lib winspool.lib comdlg32.lib advapi32.lib shell32.lib ole32.lib oleaut32.lib uuid.lib odbc32.lib odbccp32.lib /MANIFEST /ManifestFile:"Debug\ber.exe.intermediate.manifest" /MANIFESTUAC:"level='asInvoker' uiAccess='false'" /DEBUG /PDB:"C:\Users\hp\Documents\Visual Studio 2010\Projects\ber\Debug\ber.pdb" /SUBSYSTEM:CONSOLE /TLBID:1 /DYNAMICBASE /NXCOMPAT /IMPLIB:"C:\Users\hp\Documents\Visual Studio 2010\Projects\ber\Debug\ber.lib" /MACHINE:X86 Debug\ber.exe.embed.manifest.res
         Debug\main.obj
         Debug\ludo.obj
       Manifest:
         c:\Program Files (x86)\Microsoft SDKs\Windows\v7.0A\bin\mt.exe /nologo /verbose /out:"Debug\ber.exe.embed.manifest" /manifest Debug\ber.exe.intermediate.manifest
         c:\Program Files (x86)\Microsoft SDKs\Windows\v7.0A\bin\rc.exe /nologo /fo"Debug\ber.exe.embed.manifest.res" Debug\ber_manifest.rc 
       LinkEmbedManifest:
         c:\Program Files (x86)\Microsoft Visual Studio 10.0\VC\bin\link.exe /ERRORREPORT:PROMPT /OUT:"C:\Users\hp\Documents\Visual Studio 2010\Projects\ber\Debug\ber.exe" /INCREMENTAL /NOLOGO kernel32.lib user32.lib gdi32.lib winspool.lib comdlg32.lib advapi32.lib shell32.lib ole32.lib oleaut32.lib uuid.lib odbc32.lib odbccp32.lib /MANIFEST /ManifestFile:"Debug\ber.exe.intermediate.manifest" /MANIFESTUAC:"level='asInvoker' uiAccess='false'" /DEBUG /PDB:"C:\Users\hp\Documents\Visual Studio 2010\Projects\ber\Debug\ber.pdb" /SUBSYSTEM:CONSOLE /TLBID:1 /DYNAMICBASE /NXCOMPAT /IMPLIB:"C:\Users\hp\Documents\Visual Studio 2010\Projects\ber\Debug\ber.lib" /MACHINE:X86 Debug\ber.exe.embed.manifest.res
         Debug\main.obj
         Debug\ludo.obj
         ber.vcxproj -> C:\Users\hp\Documents\Visual Studio 2010\Projects\ber\Debug\ber.exe
       FinalizeBuildStatus:
         Deleting file "Debug\ber.unsuccessfulbuild".
         Touching "Debug\ber.lastbuildstate".
     1>Done Building Project "C:\Users\hp\Documents\Visual Studio 2010\Projects\ber\ber\ber.vcxproj" (build target(s)).

Build succeeded.

Time Elapsed 00:00:12.66
